Input path: E:/Users/Zak/Documents/YakaryBovineMaps/AzerothWarsLR/SourceMaps/awr_source_roc.w3x
Output path: E:/Users/Zak/Documents/YakaryBovineMaps/AzerothWarsLR/buildTools/temp/test.lni
Input format: Mpq
Output mode: lni
Result: 0 errors, 0 warnings
Takes: 13.580 sec
==========================
Invalid object data (52)
==========================
Ability A0HI Taunt - [Tau4]: 1
Ability A0DJ Taunt - [Tau4]: 1
Ability A028 Moon Beam - [ausk]: o037
Ability A0DZ Warsong Offensive - [Akb2]: 0
Ability A03Q Watcher's Eye - [ausk]: o00W
Ability Atau Taunt - [Tau4]: 1
Ability AIpb Item Attack Poison Bonus - [Idam]: 6.
Ability A03N Dragon form - [ausk]: E004
Ability ANta Taunt - [Tau4]: 1
Template not existed: ability [AIg2:AIg2]
Template not existed: ability [A03R:Auuf]
Template not existed: ability [Afrc:Afrc]
Template not existed: ability [A0F4:Ahsb]
Template not existed: ability [A03L:Auuf]
Template not existed: ability [Auuf:Auuf]
Template not existed: ability [A0EM:Ahpe]
Template not existed: ability [Ahpe:Ahpe]
Unit O023 Witch Doctor of the Gurubian Tribe - [uhas]: 
Unit n03A Dalaran Dungeons - [uabs]: Awrp
Unit n07A Temple of Ahn'Qiraj - [uabs]: Awrp
Unit o037 Moon Beam - [uabs]: 
Unit h02Y Artisan's Hall - [uabs]: Abds,Arlm
Unit nfoh Fountain of Health - [uabs]: ACnr
Unit n02D War Golem - [uabs]: ACrk,A0CC
Unit O00O Chieftan of the Amani Tribe - [uhas]: 
Unit n0AG Vassal Tavern 2 - [uabs]: Ane2,Avul
Unit ntav Vassal Tavern 1 - [uabs]: Ane2,Avul
Template not existed: unit [hrrh:hrrh]
Template not existed: unit [nccu:nccu]
Template not existed: unit [Oths:Oths]
Template not existed: unit [nzof:nzof]
Template not existed: unit [owad:owad]
Template not existed: unit [nccd:nccd]
Template not existed: unit [ncco:ncco]
Template not existed: unit [O01Q:Oths]
Template not existed: unit [Haah:Haah]
Template not existed: unit [nwar:nwar]
Item tsct Ivory Tower - [ista]: 5
Item fgrg Granite Token - [ista]: 3
Item skul Sacrificial Skull - [ista]: 3
Item srrc Scroll of Resurrection - [ista]: 3
Item infs Inferno Stone - [ista]: 3
Item infs Inferno Stone - [unsf]: (Blue)
Item shea Scroll of Healing - [ista]: 3
Item phea Potion of Healing - [ista]: 5
Item dust Dust of Appearance - [ista]: 3
Item I00T Book of Experience - [unsf]: (Custom)
Template not existed: item [ritd:ritd]
Template not existed: doodad [YOm4:YOm4]
Template not existed: doodad [D02S:YOss]
Template not existed: destructable [YTc1:YTc1]
Template not existed: destructable [LTrt:LTrt]

==========================
Save text into WTS (1)
==========================
Text is longer than 1023 characters in jass - The text saved in WTS will cause the loading to slow down: 
                                                                                                                                                                                                                                                                                                                                                                                                                                                                                                                                                                                                                                                                                                                                                                                                                                                                                                                                                                                                                                        ...
-------------------------

==========================
Other (1)
==========================
Incomplete information, forced reading SLK files
